#
# There is insufficient memory for the Java Runtime Environment to continue.
# Native memory allocation (mmap) failed to map 268435456 bytes for Failed to commit area from 0x0000000701c00000 to 0x0000000711c00000 of length 268435456.
# Possible reasons:
#   The system is out of physical RAM or swap space
#   The process is running with CompressedOops enabled, and the Java Heap may be blocking the growth of the native heap
# Possible solutions:
#   Reduce memory load on the system
#   Increase physical memory or swap space
#   Check if swap backing store is full
#   Decrease Java heap size (-Xmx/-Xms)
#   Decrease number of Java threads
#   Decrease Java thread stack sizes (-Xss)
#   Set larger code cache with -XX:ReservedCodeCacheSize=
# This output file may be truncated or incomplete.
#
#  Out of Memory Error (c:/BuildAgent/work/5ff2f6c26000d570/src/hotspot/os/windows/os_windows.cpp:3291), pid=10956, tid=8208
#
# JRE version:  (11.0.5+10) (build )
# Java VM: OpenJDK 64-Bit Server VM (11.0.5+10-b520.17, mixed mode, aot, sharing, tiered, compressed oops, g1 gc, windows-amd64)
# No core dump will be written. Minidumps are not enabled by default on client versions of Windows
#

---------------  S U M M A R Y ------------

Command Line: org.jetbrains.git4idea.http.GitAskPassApp Username for 'https://github.com': 

Host: Intel(R) Core(TM) i7-8700 CPU @ 3.20GHz, 12 cores, 15G,  Windows 10 , 64 bit Build 18362 (10.0.18362.329)
Time: Tue Sep  8 17:52:16 2020 ?D1¨²¡À¨º¡Á?¨º¡À?? elapsed time: 0 seconds (0d 0h 0m 0s)

---------------  T H R E A D  ---------------

Current thread (0x00000240faada800):  JavaThread "Unknown thread" [_thread_in_vm, id=8208, stack(0x000000f6a4a00000,0x000000f6a4b00000)]

Stack: [0x000000f6a4a00000,0x000000f6a4b00000]
Native frames: (J=compiled Java code, j=interpreted, Vv=VM code, C=native code)
V  [jvm.dll+0x5dcafa]
V  [jvm.dll+0x70e375]
V  [jvm.dll+0x70f898]
V  [jvm.dll+0x70ff63]
V  [jvm.dll+0x23e238]
V  [jvm.dll+0x5da1c4]
V  [jvm.dll+0x5cf265]
V  [jvm.dll+0x2fac3b]
V  [jvm.dll+0x2fabaa]
V  [jvm.dll+0x2faa82]
V  [jvm.dll+0x2ff956]
V  [jvm.dll+0x3480d3]
V  [jvm.dll+0x3487d6]
V  [jvm.dll+0x3481d3]
V  [jvm.dll+0x2d5548]
V  [jvm.dll+0x2d66e7]
V  [jvm.dll+0x6ed237]
V  [jvm.dll+0x6eea2c]
V  [jvm.dll+0x355849]
V  [jvm.dll+0x6d239e]
V  [jvm.dll+0x3be283]
V  [jvm.dll+0x3c0701]
C  [jli.dll+0x5363]
C  [ucrtbase.dll+0x20e72]
C  [KERNEL32.DLL+0x17bd4]
C  [ntdll.dll+0x6ced1]


---------------  P R O C E S S  ---------------

Threads class SMR info:
_java_thread_list=0x00000240fa956550, length=0, elements={
}

Java Threads: ( => current thread )

Other Threads:
  0x00000240faaf1800 GCTaskThread "GC Thread#0" [stack: 0x000000f6a4b00000,0x000000f6a4c00000] [id=11012]
  0x00000240fab52000 ConcurrentGCThread "G1 Main Marker" [stack: 0x000000f6a4c00000,0x000000f6a4d00000] [id=13268]
  0x00000240fab53800 ConcurrentGCThread "G1 Conc#0" [stack: 0x000000f6a4d00000,0x000000f6a4e00000] [id=4520]

[error occurred during error reporting (printing all threads), id 0xc0000005, EXCEPTION_ACCESS_VIOLATION (0xc0000005) at pc=0x00007ff9a7a05c17]

VM state:not at safepoint (not fully initialized)

VM Mutex/Monitor currently owned by a thread:  ([mutex/lock_event])
[0x00000240faad5880] Heap_lock - owner thread: 0x00000240faada800

Heap address: 0x0000000701c00000, size: 4068 MB, Compressed Oops mode: Non-zero based: 0x0000000701c00000
Narrow klass base: 0x0000000000000000, Narrow klass shift: 0

GC Heap History (0 events):
No events

Deoptimization events (0 events):
No events

Classes redefined (0 events):
No events

Internal exceptions (0 events):
No events

Events (0 events):
No events


Dynamic libraries:
0x00007ff6335a0000 - 0x00007ff6335aa000 	D:\IntelliJ IDEA 2019.3\jbr\bin\java.exe
0x00007ff9f4d40000 - 0x00007ff9f4f30000 	C:\Windows\SYSTEM32\ntdll.dll
0x00007ff9f3330000 - 0x00007ff9f33e2000 	C:\Windows\System32\KERNEL32.DLL
0x00007ff9f27c0000 - 0x00007ff9f2a63000 	C:\Windows\System32\KERNELBASE.dll
0x00007ff9f2cf0000 - 0x00007ff9f2dea000 	C:\Windows\System32\ucrtbase.dll
0x00007ff9c4470000 - 0x00007ff9c4487000 	D:\IntelliJ IDEA 2019.3\jbr\bin\VCRUNTIME140.dll
0x00007ff9d42e0000 - 0x00007ff9d42f9000 	D:\IntelliJ IDEA 2019.3\jbr\bin\jli.dll
0x00007ff9f33f0000 - 0x00007ff9f3584000 	C:\Windows\System32\USER32.dll
0x00007ff9f2450000 - 0x00007ff9f2471000 	C:\Windows\System32\win32u.dll
0x00007ff9f3740000 - 0x00007ff9f3766000 	C:\Windows\System32\GDI32.dll
0x00007ff9f2b50000 - 0x00007ff9f2ce4000 	C:\Windows\System32\gdi32full.dll
0x00007ff9f2720000 - 0x00007ff9f27be000 	C:\Windows\System32\msvcp_win.dll
0x00007ff9e0340000 - 0x00007ff9e05c5000 	C:\Windows\WinSxS\amd64_microsoft.windows.common-controls_6595b64144ccf1df_6.0.18362.592_none_e6c0b1911312be02\COMCTL32.dll
0x00007ff9f3b20000 - 0x00007ff9f3bbe000 	C:\Windows\System32\msvcrt.dll
0x00007ff9f48d0000 - 0x00007ff9f4c06000 	C:\Windows\System32\combase.dll
0x00007ff9f3210000 - 0x00007ff9f3330000 	C:\Windows\System32\RPCRT4.dll
0x00007ff9f25d0000 - 0x00007ff9f2650000 	C:\Windows\System32\bcryptPrimitives.dll
0x00007ff9f3d40000 - 0x00007ff9f3d6e000 	C:\Windows\System32\IMM32.DLL
0x00007ff9c2970000 - 0x00007ff9c2a0d000 	D:\IntelliJ IDEA 2019.3\jbr\bin\msvcp140.dll
0x00007ff9a7720000 - 0x00007ff9a81db000 	D:\IntelliJ IDEA 2019.3\jbr\bin\server\jvm.dll
0x00007ff9f2ea0000 - 0x00007ff9f2f43000 	C:\Windows\System32\ADVAPI32.dll
0x00007ff9f3830000 - 0x00007ff9f38c7000 	C:\Windows\System32\sechost.dll
0x00007ff9f4c20000 - 0x00007ff9f4c28000 	C:\Windows\System32\PSAPI.DLL
0x00007ff9e2ba0000 - 0x00007ff9e2ba9000 	C:\Windows\SYSTEM32\WSOCK32.dll
0x00007ff9f17a0000 - 0x00007ff9f17aa000 	C:\Windows\SYSTEM32\VERSION.dll
0x00007ff9f3bc0000 - 0x00007ff9f3c2f000 	C:\Windows\System32\WS2_32.dll
0x00007ff9efbe0000 - 0x00007ff9efc04000 	C:\Windows\SYSTEM32\WINMM.dll
0x00007ff9efb60000 - 0x00007ff9efb8d000 	C:\Windows\SYSTEM32\winmmbase.dll
0x00007ff9f2670000 - 0x00007ff9f26ba000 	C:\Windows\System32\cfgmgr32.dll
0x00007ff9f1c70000 - 0x00007ff9f1c81000 	C:\Windows\System32\kernel.appcore.dll
0x00007ff9efd50000 - 0x00007ff9efd61000 	D:\IntelliJ IDEA 2019.3\jbr\bin\verify.dll
0x00007ff9e0f60000 - 0x00007ff9e1154000 	C:\Windows\SYSTEM32\DBGHELP.DLL
0x00007ff9e0f30000 - 0x00007ff9e0f5a000 	C:\Windows\SYSTEM32\dbgcore.DLL
0x00007ff9ee440000 - 0x00007ff9ee469000 	D:\IntelliJ IDEA 2019.3\jbr\bin\java.dll
0x00007ff9d2a90000 - 0x00007ff9d2aa7000 	D:\IntelliJ IDEA 2019.3\jbr\bin\zip.dll
0x00007ff9d2a80000 - 0x00007ff9d2a8b000 	D:\IntelliJ IDEA 2019.3\jbr\bin\jimage.dll

dbghelp: loaded successfully - version: 4.0.5 - missing functions: none
symbol engine: initialized successfully - sym options: 0x614 - pdb path: .;D:\IntelliJ IDEA 2019.3\jbr\bin;C:\Windows\SYSTEM32;C:\Windows\WinSxS\amd64_microsoft.windows.common-controls_6595b64144ccf1df_6.0.18362.592_none_e6c0b1911312be02;D:\IntelliJ IDEA 2019.3\jbr\bin\server

VM Arguments:
java_command: org.jetbrains.git4idea.http.GitAskPassApp Username for 'https://github.com': 
java_class_path (initial): D:/IntelliJ IDEA 2019.3/plugins/git4idea/lib/git4idea-rt.jar;D:/IntelliJ IDEA 2019.3/lib/xmlrpc-2.0.1.jar;D:/IntelliJ IDEA 2019.3/lib/commons-codec-1.13.jar;D:/IntelliJ IDEA 2019.3/lib/util.jar
Launcher Type: SUN_STANDARD

[Global flags]
     intx CICompilerCount                          = 4                                         {product} {ergonomic}
     uint ConcGCThreads                            = 3                                         {product} {ergonomic}
     uint G1ConcRefinementThreads                  = 10                                        {product} {ergonomic}
   size_t G1HeapRegionSize                         = 1048576                                   {product} {ergonomic}
    uintx GCDrainStackTargetSize                   = 64                                        {product} {ergonomic}
   size_t InitialHeapSize                          = 268435456                                 {product} {ergonomic}
   size_t MarkStackSize                            = 4194304                                   {product} {ergonomic}
   size_t MaxHeapSize                              = 4265607168                                {product} {ergonomic}
   size_t MinHeapDeltaBytes                        = 1048576                                   {product} {ergonomic}
    uintx NonNMethodCodeHeapSize                   = 5836300                                {pd product} {ergonomic}
    uintx NonProfiledCodeHeapSize                  = 122910970                              {pd product} {ergonomic}
    uintx ProfiledCodeHeapSize                     = 122910970                              {pd product} {ergonomic}
    uintx ReservedCodeCacheSize                    = 251658240                              {pd product} {ergonomic}
     bool SegmentedCodeCache                       = true                                      {product} {ergonomic}
     bool UseCompressedClassPointers               = true                                 {lp64_product} {ergonomic}
     bool UseCompressedOops                        = true                                 {lp64_product} {ergonomic}
     bool UseG1GC                                  = true                                      {product} {ergonomic}
     bool UseLargePagesIndividualAllocation        = false                                  {pd product} {ergonomic}

Logging:
Log output configuration:
 #0: stdout all=warning uptime,level,tags
 #1: stderr all=off uptime,level,tags

Environment Variables:
JAVA_HOME=C:\Program Files\Java\jdk1.8.0_181
CLASSPATH= .;C:\Program Files\Java\jdk1.8.0_181\lib;C:\Program Files\Java\jdk1.8.0_181\lib\dt.jar;C:\Program Files\Java\jdk1.8.0_181\lib\tools.jar
PATH=C:\Program Files\Git\mingw64\libexec\git-core;C:\Program Files\Git\mingw64\libexec\git-core;C:\Program Files\Git\mingw64\bin;C:\Program Files\Git\usr\bin;C:\Users\hexin\bin;C:\Program Files (x86)\Common Files\Oracle\Java\javapath;C:\Windows\system32;C:\Windows;C:\Windows\System32\Wbem;C:\Windows\System32\WindowsPowerShell\v1.0;C:\Windows\System32\OpenSSH;C:\Program Files\Java\jdk1.8.0_181\bin;D:\apache-maven-3.6.0\bin;C:\Program Files\Git\cmd;C:\Program Files (x86)\MySQL\MySQL Server 5.5\bin;C:\Program Files\Microsoft SQL Server\Client SDK\ODBC\130\Tools\Binn;C:\Program Files\Microsoft SQL Server\Client SDK\ODBC\170\Tools\Binn;C:\Program Files (x86)\Microsoft SQL Server\150\DTS\Binn;D:\jboss\wildfly-11.0.0.Final\bin;C:\Program Files\nodejs;C:\ProgramData\chocolatey\bin;C:\Program Files\nodejs;%NODE_PATH%\node_modules;%NODE_PATH%\node_global;.;D:\Redis-x64-3.2.100;C:\Program Files\dotnet;C:\Program Files\Microsoft SQL Server\130\Tools\Binn;C:\Program Files\python;C:\Program Files\python\Scripts;E:\BtSoft\panel\script;C:\Program Files\erl9.2\bin;C:\Program Files\MySQL\MySQL Shell 8.0\bin;C:\Users\hexin\AppData\Local\Microsoft\WindowsApps;C:\Users\hexin\AppData\Local\Programs\Microsoft VS Code\bin;D:\program files\Fiddler;D:\download\Fiddler;C:\Users\hexin\AppData\Roaming\npm
USERNAME=hexin
DISPLAY=:0.0
OS=Windows_NT
PROCESSOR_IDENTIFIER=Intel64 Family 6 Model 158 Stepping 10, GenuineIntel



---------------  S Y S T E M  ---------------

OS: Windows 10 , 64 bit Build 18362 (10.0.18362.329)

CPU:total 12 (initial active 12) (6 cores per cpu, 2 threads per core) family 6 model 158 stepping 10, cmov, cx8, fxsr, mmx, sse, sse2, sse3, ssse3, sse4.1, sse4.2, popcnt, avx, avx2, aes, clmul, erms, rtm, 3dnowpref, lzcnt, ht, tsc, tscinvbit, bmi1, bmi2, adx, fma

Memory: 4k page, system-wide physical 16266M (2957M free)
TotalPageFile size 16266M (AvailPageFile size 194M)
current process WorkingSet (physical memory assigned to process): 10M, peak: 10M
current process commit charge ("private bytes"): 64M, peak: 320M

vm_info: OpenJDK 64-Bit Server VM (11.0.5+10-b520.17) for windows-amd64 JRE (11.0.5+10-b520.17), built on Dec  2 2019 12:11:34 by "" with MS VC++ 14.0 (VS2015)

END.
